<?xml version="1.0" encoding="UTF-8"?>
<!-- Generated by org.testng.reporters.JUnitReportReporter -->
<testsuite hostname="Krupas-MacBook-Pro.local" name="testdemo.ValidLogin" tests="1" failures="0" timestamp="16 Oct 2015 13:46:28 GMT" time="53.256" errors="0">
  <testcase name="verifyValidLogin" time="53.256" classname="testdemo.ValidLogin"/>
</testsuite> <!-- testdemo.ValidLogin -->
