<?xml version="1.0" encoding="UTF-8"?>
<!-- Generated by org.testng.reporters.JUnitReportReporter -->
<testsuite hostname="Krupas-MacBook-Pro.local" name="testdemo.PostUpdate" tests="1" failures="0" timestamp="17 Oct 2015 16:33:30 GMT" time="45.873" errors="0">
  <testcase name="verifyPostUpdate" time="45.873" classname="testdemo.PostUpdate"/>
</testsuite> <!-- testdemo.PostUpdate -->
