<?xml version="1.0" encoding="UTF-8"?>
<!-- Generated by org.testng.reporters.JUnitReportReporter -->
<testsuite hostname="Krupas-MacBook-Pro.local" name="testdemo.InvalidLogin" tests="1" failures="0" timestamp="16 Oct 2015 13:51:57 GMT" time="30.052" errors="0">
  <testcase name="verifyInvalidLogin" time="30.052" classname="testdemo.InvalidLogin"/>
</testsuite> <!-- testdemo.InvalidLogin -->
