<?xml version="1.0" encoding="UTF-8"?>
<!-- Generated by org.testng.reporters.JUnitReportReporter -->
<testsuite hostname="Krupas-MacBook-Pro.local" name="testdemo.ProfileUpdate" tests="1" failures="0" timestamp="17 Oct 2015 11:55:47 GMT" time="36.607" errors="0">
  <testcase name="profileupdate_main" time="36.607" classname="testdemo.ProfileUpdate"/>
</testsuite> <!-- testdemo.ProfileUpdate -->
